============================= test session starts =============================
platform win32 -- Python 3.10.9, pytest-8.3.5, pluggy-1.5.0 -- Z:\sdg_assessment\venv\Scripts\python.exe
cachedir: .pytest_cache
rootdir: Z:\sdg_assessment
plugins: cov-6.1.1, flask-1.2.0
collecting ... collected 1 item

tests/test_smoke.py::test_smoke PASSED                                   [100%]Z:\sdg_assessment\venv\lib\site-packages\coverage\control.py:915: CoverageWarning: No data was collected. (no-data-collected)
  self._warn("No data was collected.", slug="no-data-collected")


=============================== tests coverage ================================
_______________ coverage: platform win32, python 3.10.9-final-0 _______________

Name                                    Stmts   Miss  Cover   Missing
---------------------------------------------------------------------
app\__init__.py                            41     41     0%   1-54
app\models\__init__.py                      4      4     0%   6-9
app\models\assessment.py                  113    113     0%   6-255
app\models\project.py                      34     34     0%   6-81
app\models\questionnaire.py                12     12     0%   1-25
app\models\sdg.py                         109    109     0%   6-250
app\models\user.py                         36     36     0%   5-59
app\routes\__init__.py                      7      7     0%   6-12
app\routes\api.py                         236    236     0%   6-434
app\routes\assessments.py                 256    256     0%   6-473
app\routes\auth.py                        161    161     0%   6-237
app\routes\dashboard.py                   118    118     0%   6-348
app\routes\main.py                         44     44     0%   1-317
app\routes\projects.py                    109    109     0%   6-145
app\routes\questionnaire.py                 7      7     0%   1-9
app\services\__init__.py                    1      1     0%   6
app\services\email.py                      26     26     0%   1-34
app\services\project_service.py            99     99     0%   1-133
app\services\scoring_service.py           142    142     0%   6-336
app\utils\__init__.py                       0      0   100%
app\utils\auth.py                          21     21     0%   1-23
app\utils\context_processors.py            33     33     0%   5-51
app\utils\db.py                            19     19     0%   1-32
app\utils\email.py                         30     30     0%   1-39
app\utils\email_confirmed_required.py      11     11     0%   1-12
app\utils\errors.py                        16     16     0%   6-31
app\utils\filters.py                       38     38     0%   5-49
app\utils\middleware.py                    27     27     0%   6-61
app\utils\scoring.py                       43     43     0%   1-77
app\utils\sdg_data.py                       1      1     0%   7
app\utils\validation.py                   121    121     0%   6-221
---------------------------------------------------------------------
TOTAL                                    1915   1915     0%
============================== 1 passed in 0.24s ==============================
